2016-09-07 15:31:48  [ main:0 ] - [ DEBUG ]   debug---- 
2016-09-07 15:31:48  [ main:2 ] - [ ERROR ]   error----- 
2016-09-07 15:31:48  [ main:2 ] - [ WARN ]  Warn info
2016-09-07 15:31:48  [ main:3 ] - [ ERROR ]  Error info
2016-09-07 15:31:48  [ main:19 ] - [ DEBUG ]  Using SLF4J as the default logging framework
2016-09-07 15:31:48  [ main:23 ] - [ DEBUG ]  -Dio.netty.eventLoopThreads: 8
2016-09-07 15:31:48  [ main:50 ] - [ DEBUG ]  java.nio.Buffer.address: available
2016-09-07 15:31:48  [ main:51 ] - [ DEBUG ]  sun.misc.Unsafe.theUnsafe: available
2016-09-07 15:31:48  [ main:51 ] - [ DEBUG ]  sun.misc.Unsafe.copyMemory: available
2016-09-07 15:31:48  [ main:52 ] - [ DEBUG ]  java.nio.Bits.unaligned: true
2016-09-07 15:31:48  [ main:52 ] - [ DEBUG ]  java.nio.DirectByteBuffer.<init>(long, int): available
2016-09-07 15:31:48  [ main:53 ] - [ DEBUG ]  java.nio.ByteBuffer.cleaner(): available
2016-09-07 15:31:48  [ main:53 ] - [ DEBUG ]  Platform: Windows
2016-09-07 15:31:48  [ main:54 ] - [ DEBUG ]  Java version: 8
2016-09-07 15:31:48  [ main:54 ] - [ DEBUG ]  -Dio.netty.noUnsafe: false
2016-09-07 15:31:48  [ main:54 ] - [ DEBUG ]  sun.misc.Unsafe: available
2016-09-07 15:31:48  [ main:56 ] - [ DEBUG ]  -Dio.netty.noJavassist: false
2016-09-07 15:31:49  [ main:144 ] - [ DEBUG ]  Javassist: available
2016-09-07 15:31:49  [ main:145 ] - [ DEBUG ]  -Dio.netty.tmpdir: C:\Users\ADMINI~1\AppData\Local\Temp (java.io.tmpdir)
2016-09-07 15:31:49  [ main:145 ] - [ DEBUG ]  -Dio.netty.bitMode: 32 (sun.arch.data.model)
2016-09-07 15:31:49  [ main:145 ] - [ DEBUG ]  -Dio.netty.noPreferDirect: false
2016-09-07 15:31:49  [ main:146 ] - [ DEBUG ]  io.netty.maxDirectMemory: 259522560 bytes
2016-09-07 15:31:49  [ main:160 ] - [ DEBUG ]  -Dio.netty.noKeySetOptimization: false
2016-09-07 15:31:49  [ main:161 ] - [ DEBUG ]  -Dio.netty.selectorAutoRebuildThreshold: 512
2016-09-07 15:31:49  [ main:236 ] - [ DEBUG ]  -Dio.netty.processId: 10972 (auto-detected)
2016-09-07 15:31:49  [ main:281 ] - [ DEBUG ]  Loopback interface: lo (Software Loopback Interface 1, 127.0.0.1)
2016-09-07 15:31:49  [ main:282 ] - [ DEBUG ]  \proc\sys\net\core\somaxconn: 200 (non-existent)
2016-09-07 15:31:49  [ main:327 ] - [ DEBUG ]  -Dio.netty.machineId: d8:50:e6:ff:fe:4b:b7:57 (auto-detected)
2016-09-07 15:31:49  [ main:328 ] - [ DEBUG ]  -Dio.netty.initialSeedUniquifier: 0xa92675142844f621
2016-09-07 15:31:49  [ main:338 ] - [ DEBUG ]  -Dio.netty.leakDetection.level: simple
2016-09-07 15:31:49  [ main:338 ] - [ DEBUG ]  -Dio.netty.leakDetection.maxRecords: 4
2016-09-07 15:31:49  [ main:360 ] - [ DEBUG ]  -Dio.netty.allocator.numHeapArenas: 2
2016-09-07 15:31:49  [ main:361 ] - [ DEBUG ]  -Dio.netty.allocator.numDirectArenas: 2
2016-09-07 15:31:49  [ main:361 ] - [ DEBUG ]  -Dio.netty.allocator.pageSize: 8192
2016-09-07 15:31:49  [ main:361 ] - [ DEBUG ]  -Dio.netty.allocator.maxOrder: 11
2016-09-07 15:31:49  [ main:361 ] - [ DEBUG ]  -Dio.netty.allocator.chunkSize: 16777216
2016-09-07 15:31:49  [ main:361 ] - [ DEBUG ]  -Dio.netty.allocator.tinyCacheSize: 512
2016-09-07 15:31:49  [ main:361 ] - [ DEBUG ]  -Dio.netty.allocator.smallCacheSize: 256
2016-09-07 15:31:49  [ main:362 ] - [ DEBUG ]  -Dio.netty.allocator.normalCacheSize: 64
2016-09-07 15:31:49  [ main:362 ] - [ DEBUG ]  -Dio.netty.allocator.maxCachedBufferCapacity: 32768
2016-09-07 15:31:49  [ main:362 ] - [ DEBUG ]  -Dio.netty.allocator.cacheTrimInterval: 8192
2016-09-07 15:31:49  [ main:369 ] - [ DEBUG ]  -Dio.netty.allocator.type: pooled
2016-09-07 15:31:49  [ main:370 ] - [ DEBUG ]  -Dio.netty.threadLocalDirectBufferSize: 65536
2016-09-07 15:31:49  [ main:370 ] - [ DEBUG ]  -Dio.netty.maxThreadLocalCharBufferSize: 16384
2016-09-07 15:31:49  [ nioEventLoopGroup-2-1:391 ] - [ INFO ]  [id: 0x7ee70a0a] REGISTERED
2016-09-07 15:31:49  [ nioEventLoopGroup-2-1:392 ] - [ INFO ]  [id: 0x7ee70a0a] BIND: 0.0.0.0/0.0.0.0:8085
2016-09-07 15:31:49  [ nioEventLoopGroup-2-1:396 ] - [ INFO ]  [id: 0x7ee70a0a, L:/0:0:0:0:0:0:0:0:8085] ACTIVE
